<?xml version="1.0" encoding="UTF-8"?>
<testsuites name="Mocha Tests" time="0.842" tests="1" failures="0">
  <testsuite name="Root Suite" timestamp="2024-12-13T21:01:15" tests="0" file="cypress/e2e/app.cy.ts" time="0.000" failures="0">
  </testsuite>
  <testsuite name="example-angular-16-app" timestamp="2024-12-13T21:01:15" tests="1" time="0.839" failures="0">
    <testcase name="example-angular-16-app should load" time="0.829" classname="should load">
    </testcase>
  </testsuite>
</testsuites>